<?xml version="1.0" encoding="UTF-8"?>
<!-- Generated by org.testng.reporters.JUnitReportReporter -->
<testsuite skipped="0" hostname="EPPLGDAW0233" name="androidSampleTest" tests="1" failures="0" timestamp="04 Jan 2019 18:06:14 GMT" time="10.663" errors="0">
  <testcase name="SampleTest" time="10.663" classname="androidSampleTest"/>
</testsuite> <!-- androidSampleTest -->
